IQ-TREE version 3.1.2 for Linux x86 64-bit built May 17 2026
Developed by Bui Quang Minh, Thomas Wong, Nhan Ly-Trong, Huaiyan Ren
Contributed by Lam-Tung Nguyen, Dominik Schrempf, Chris Bielow,
Olga Chernomor, Michael Woodhams, Diep Thi Hoang, Heiko Schmidt

Host:    Ruben-UNI (AVX2, FMA3, 7 GB RAM)
Command: /home/rubenmo/miniconda3/envs/biopy/bin/iqtree -s data/processed/alignment.fasta -o outgroup_PX489887.1 -m MFP -bb 1000 -nt AUTO -seed 84 -pre results/trees/tree_nj.nwk -redo
Seed:    84 (Using SPRNG - Scalable Parallel Random Number Generator)
Time:    Mon Jun 22 14:56:52 2026
Kernel:  AVX+FMA - auto-detect threads (12 CPU cores detected)

Reading alignment file data/processed/alignment.fasta ... Fasta format detected
Reading fasta file: done in 0.00417185 secs using 28.91% CPU
Alignment most likely contains DNA/RNA sequences
Constructing alignment: done in 0.00834394 secs using 989.7% CPU
Alignment has 19 sequences with 1818 columns, 320 distinct patterns
254 parsimony-informative, 247 singleton sites, 1317 constant sites
                                                                                        Gap/Ambiguity  Composition  p-value
Analyzing sequences: done in 0.004143 secs using 1262% CPU
   1  EU241702.1|Orthohantavirus_andesense|Unknown|Chile|Oligoryzomys_longicaudatus|NK120378   48.13%    passed     98.55%
   2  EU241701.1|Orthohantavirus_andesense|Unknown|Chile|Oligoryzomys_longicaudatus|NK96566    48.13%    passed     94.35%
   3  EU241700.1|Orthohantavirus_andesense|Unknown|Chile|Oligoryzomys_longicaudatus|NK96555    48.13%    passed     95.01%
   4  EU241699.1|Orthohantavirus_andesense|Unknown|Chile|Oligoryzomys_longicaudatus|NK104544   48.13%    passed     96.37%
   5  EU241698.1|Orthohantavirus_andesense|Unknown|Chile|Oligoryzomys_longicaudatus|NK104535   48.13%    passed     98.99%
   6  EU241697.1|Orthohantavirus_andesense|Unknown|Chile|Oligoryzomys_longicaudatus|NK96703    48.13%    passed     96.58%
   7  EU241696.1|Orthohantavirus_andesense|Unknown|Chile|Oligoryzomys_longicaudatus|NK95083    48.13%    passed     96.71%
   8  EU241695.1|Orthohantavirus_andesense|Unknown|Chile|Oligoryzomys_longicaudatus|NK105362   48.13%    passed     96.37%
   9  EU241694.1|Orthohantavirus_andesense|Unknown|Chile|Oligoryzomys_longicaudatus|NK105979   48.13%    passed     99.19%
  10  EU241693.1|Orthohantavirus_andesense|Unknown|Chile|Oligoryzomys_longicaudatus|NK108843   48.13%    passed     70.90%
  11  EU241692.1|Orthohantavirus_andesense|Unknown|Chile|Oligoryzomys_longicaudatus|NK120092   48.13%    passed     94.34%
  12  EU241691.1|Orthohantavirus_andesense|Unknown|Chile|Oligoryzomys_longicaudatus|NK104619   49.01%    passed     85.52%
  13  EU241690.1|Orthohantavirus_andesense|Unknown|Chile|Oligoryzomys_longicaudatus|NK96887    48.13%    passed     88.89%
  14  EU241689.1|Orthohantavirus_andesense|Unknown|Chile|Oligoryzomys_longicaudatus|NK96865    49.17%    passed     87.15%
  15  KF581134.1|Castelo_dos_Sonhos_virus|2010|Peru|Neacomys_spinosus|769                      41.25%    passed     41.24%
  16  JF750419.1|Tunari_virus|2008|Bolivia|Homo_sapiens|FVB554                                 29.21%    passed     55.68%
  17  JF750418.1|Tunari_virus|2008|Bolivia|Homo_sapiens|FVB640                                 29.21%    passed     51.68%
  18  JF750417.1|Tunari_virus|2009|Bolivia|Homo_sapiens|FVB799                                 29.21%    passed     54.54%
  19  outgroup_PX489887.1                                                                       0.11%    passed     20.96%
****  TOTAL                                                                                    42.35%  0 sequences failed composition chi2 test (p-value<5%; df=3)
NOTE: EU241695.1|Orthohantavirus_andesense|Unknown|Chile|Oligoryzomys_longicaudatus|NK105362 is identical to EU241699.1|Orthohantavirus_andesense|Unknown|Chile|Oligoryzomys_longicaudatus|NK104544 but kept for subsequent analysis
Checking for duplicate sequences: done in 0.00594401 secs using 940.6% CPU


Create initial parsimony tree by phylogenetic likelihood library (PLL)... 0.003 seconds
Measuring multi-threading efficiency up to 12 CPU cores
Increase to 10 rounds for branch lengths
544 trees examined
Threads: 1 / Time: 12.007 sec / Speedup: 1.000 / Efficiency: 100% / LogL: -7975
Threads: 2 / Time: 9.578 sec / Speedup: 1.254 / Efficiency: 63% / LogL: -7975
Threads: 3 / Time: 9.603 sec / Speedup: 1.250 / Efficiency: 42% / LogL: -7975
Determining AUTO threadcount: done in 31.1918 secs using 197.7% CPU
BEST NUMBER OF THREADS: 2

Perform fast likelihood tree search using GTR+I+G model...
Estimate model parameters (epsilon = 5.000)
Perform nearest neighbor interchange...
Estimate model parameters (epsilon = 1.000)
1. Initial log-likelihood: -6035.300
Optimal log-likelihood: -6034.062
Rate parameters:  A-C: 1.10440  A-G: 10.01008  A-T: 1.51369  C-G: 0.53067  C-T: 12.43587  G-T: 1.00000
Base frequencies:  A: 0.310  C: 0.202  G: 0.232  T: 0.256
Proportion of invariable sites: 0.354
Gamma shape alpha: 0.429
Parameters optimization took 1 rounds (0.015 sec)
Time for fast ML tree search: 0.189 seconds

NOTE: ModelFinder requires 3 MB RAM!
ModelFinder will test up to 968 DNA models (sample size: 1818 epsilon: 0.100) ...
 No. Model         -LnL         df  AIC          AICc         BIC
  1  JC            6531.872     35  13133.745    13135.159    13326.437
  2  JC+I          6365.168     36  12802.336    12803.831    13000.533
  3  JC+G4         6345.700     36  12763.400    12764.895    12961.597
  4  JC+I+G4       6348.474     37  12770.949    12772.528    12974.652
  5  JC+R2         6343.945     37  12761.890    12763.469    12965.593
+R3 reinitialized from +R2 with factor 0.500
+R3 reinitialized from +R2 with factor 0.250
+R3 reinitialized from +R2 with factor 0.125
+R3 reinitialized from +R2 with factor 0.062
+R3 reinitialized from +R2 with factor 0.031
  6  JC+R3         6344.186     39  12766.373    12768.128    12981.087
 14  JC+I+R2       6344.533     38  12765.066    12766.732    12974.274
+I+R3 reinitialized from +I+R2 with factor 0.500
+I+R3 reinitialized from +I+R2 with factor 0.250
+I+R3 reinitialized from +I+R2 with factor 0.125
+I+R3 reinitialized from +I+R2 with factor 0.062
 15  JC+I+R3       6344.626     40  12769.251    12771.097    12989.471
 25  JC+G4         6345.700     36  12763.400    12764.895    12961.597
 27  JC+R2         6343.945     37  12761.890    12763.469    12965.593
 47  F81+G4        6345.624     36  12763.248    12764.744    12961.446
 49  F81+R2        6343.883     37  12761.766    12763.346    12965.469
 69  F81+F+G4      6308.095     39  12694.191    12695.945    12908.905
 71  F81+F+R2      6306.482     40  12692.965    12694.811    12913.185
 91  K2P+G4        6076.723     37  12227.446    12229.025    12431.149
 93  K2P+R2        6089.425     38  12254.850    12256.516    12464.059
113  K2P+G4        6076.723     37  12227.446    12229.025    12431.149
115  K2P+R2        6089.425     38  12254.850    12256.516    12464.059
135  HKY+G4        6076.872     37  12227.744    12229.323    12431.447
137  HKY+R2        6088.358     38  12252.716    12254.382    12461.925
157  HKY+F+G4      6033.523     40  12147.045    12148.891    12367.265
159  HKY+F+R2      6048.828     41  12179.656    12181.595    12405.381
179  TNe+G4        6076.663     38  12229.326    12230.992    12438.535
181  TNe+R2        6088.094     39  12254.188    12255.942    12468.902
201  TNe+G4        6076.663     38  12229.326    12230.992    12438.535
203  TNe+R2        6088.094     39  12254.188    12255.942    12468.902
223  TN+G4         6076.766     38  12229.532    12231.198    12438.741
225  TN+R2         6087.369     39  12252.737    12254.492    12467.451
245  TN+F+G4       6033.106     41  12148.212    12150.151    12373.937
247  TN+F+R2       6046.560     42  12177.120    12179.155    12408.351
267  K3P+G4        6076.788     38  12229.577    12231.243    12438.786
269  K3P+R2        6087.067     39  12252.134    12253.889    12466.849
289  K3P+G4        6076.788     38  12229.577    12231.243    12438.786
291  K3P+R2        6087.067     39  12252.134    12253.889    12466.849
311  K3Pu+G4       6076.667     38  12229.333    12230.999    12438.542
313  K3Pu+R2       6086.448     39  12250.895    12252.650    12465.609
333  K3Pu+F+G4     6033.417     41  12148.833    12150.773    12374.559
335  K3Pu+F+R2     6045.537     42  12175.074    12177.109    12406.304
355  TPM2+G4       6074.679     38  12225.357    12227.024    12434.566
357  TPM2+R2       6081.805     39  12241.610    12243.364    12456.324
377  TPM2+G4       6074.679     38  12225.357    12227.024    12434.566
379  TPM2+R2       6081.805     39  12241.610    12243.364    12456.324
399  TPM2u+G4      6074.511     38  12225.022    12226.688    12434.231
401  TPM2u+R2      6081.245     39  12240.490    12242.245    12455.204
421  TPM2u+F+G4    6032.877     41  12147.753    12149.692    12373.478
423  TPM2u+F+R2    6044.393     42  12172.786    12174.821    12404.017
443  TPM3+G4       6074.641     38  12225.281    12226.947    12434.490
445  TPM3+R2       6086.118     39  12250.235    12251.990    12464.950
465  TPM3+G4       6074.641     38  12225.281    12226.947    12434.490
467  TPM3+R2       6086.118     39  12250.235    12251.990    12464.950
487  TPM3u+G4      6074.538     38  12225.076    12226.742    12434.285
489  TPM3u+R2      6085.256     39  12248.512    12250.266    12463.226
509  TPM3u+F+G4    6032.644     41  12147.287    12149.227    12373.013
511  TPM3u+F+R2    6045.604     42  12175.208    12177.243    12406.439
531  TIMe+G4       6076.574     39  12231.148    12232.903    12445.863
533  TIMe+R2       6085.577     40  12251.155    12253.000    12471.374
553  TIMe+G4       6076.574     39  12231.148    12232.903    12445.863
555  TIMe+R2       6085.577     40  12251.155    12253.000    12471.374
575  TIM+G4        6076.655     39  12231.310    12233.065    12446.024
577  TIM+R2        6085.426     40  12250.852    12252.697    12471.071
597  TIM+F+G4      6033.071     42  12150.142    12152.177    12381.373
599  TIM+F+R2      6044.061     43  12174.122    12176.255    12410.858
619  TIM2e+G4      6074.528     39  12227.057    12228.811    12441.771
621  TIM2e+R2      6080.435     40  12240.871    12242.717    12461.091
641  TIM2e+G4      6074.528     39  12227.057    12228.811    12441.771
643  TIM2e+R2      6080.435     40  12240.871    12242.717    12461.091
663  TIM2+G4       6074.577     39  12227.154    12228.909    12441.868
665  TIM2+R2       6080.351     40  12240.703    12242.548    12460.922
685  TIM2+F+G4     6032.453     42  12148.907    12150.942    12380.137
687  TIM2+F+R2     6042.757     43  12171.514    12173.647    12408.250
707  TIM3e+G4      6074.485     39  12226.970    12228.725    12441.684
709  TIM3e+R2      6083.912     40  12247.824    12249.670    12468.044
729  TIM3e+G4      6074.485     39  12226.970    12228.725    12441.684
731  TIM3e+R2      6083.912     40  12247.824    12249.670    12468.044
751  TIM3+G4       6074.584     39  12227.168    12228.922    12441.882
753  TIM3+R2       6083.598     40  12247.195    12249.041    12467.415
773  TIM3+F+G4     6032.246     42  12148.492    12150.527    12379.722
775  TIM3+F+R2     6044.135     43  12174.270    12176.403    12411.006
795  TVMe+G4       6072.265     40  12224.530    12226.375    12444.749
797  TVMe+R2       6077.827     41  12237.654    12239.593    12463.379
817  TVMe+G4       6072.265     40  12224.530    12226.375    12444.749
819  TVMe+R2       6077.827     41  12237.654    12239.593    12463.379
839  TVM+G4        6072.331     40  12224.662    12226.508    12444.882
841  TVM+R2        6077.585     41  12237.170    12239.109    12462.895
861  TVM+F+G4      6032.183     43  12150.366    12152.499    12387.103
863  TVM+F+R2      6043.584     44  12175.169    12177.402    12417.411
883  SYM+G4        6072.341     41  12226.683    12228.622    12452.408
885  SYM+R2        6077.461     42  12238.922    12240.957    12470.152
905  SYM+G4        6072.341     41  12226.683    12228.622    12452.408
907  SYM+R2        6077.461     42  12238.922    12240.957    12470.152
927  GTR+G4        6072.296     41  12226.592    12228.532    12452.318
929  GTR+R2        6077.371     42  12238.743    12240.778    12469.973
949  GTR+F+G4      6031.569     44  12151.138    12153.372    12393.380
951  GTR+F+R2      6042.035     45  12174.071    12176.407    12421.818
Akaike Information Criterion:           HKY+F+G4
Corrected Akaike Information Criterion: HKY+F+G4
Bayesian Information Criterion:         HKY+F+G4
Best-fit model: HKY+F+G4 chosen according to BIC

All model information printed to results/trees/tree_nj.nwk.model.gz
CPU time for ModelFinder: 71.092 seconds (0h:1m:11s)
Wall-clock time for ModelFinder: 35.513 seconds (0h:0m:35s)
Generating 1000 samples for ultrafast bootstrap (seed: 84)...

NOTE: 2 MB RAM (0 GB) is required!
Estimate model parameters (epsilon = 0.100)
1. Initial log-likelihood: -6062.448
2. Current log-likelihood: -6034.634
3. Current log-likelihood: -6033.635
Optimal log-likelihood: -6033.502
Rate parameters:  A-C: 1.00000  A-G: 11.98479  A-T: 1.00000  C-G: 1.00000  C-T: 11.98479  G-T: 1.00000
Base frequencies:  A: 0.310  C: 0.202  G: 0.232  T: 0.256
Gamma shape alpha: 0.137
Parameters optimization took 3 rounds (0.020 sec)
Wrote distance file to... 
Computing ML distances based on estimated model parameters...
Calculating distance matrix: done in 0.00129294 secs using 202.4% CPU
Computing ML distances took 0.002953 sec (of wall-clock time) 0.004715 sec (of CPU time)
Setting up auxiliary I and S matrices: done in 0.000111103 secs using 280.8% CPU
Constructing RapidNJ tree: done in 0.000308037 secs using 142.2% CPU
Computing RapidNJ tree took 0.001981 sec (of wall-clock time) 0.002972 sec (of CPU time)
Log-likelihood of RapidNJ tree: -6041.193
--------------------------------------------------------------------
|             INITIALIZING CANDIDATE TREE SET                      |
--------------------------------------------------------------------
Generating 98 parsimony trees... 0.238 second
Computing log-likelihood of 98 initial trees ... 0.272 seconds
Current best score: -6033.502

Do NNI search on 20 best initial trees
Estimate model parameters (epsilon = 0.100)
BETTER TREE FOUND at iteration 1: -6033.239
Estimate model parameters (epsilon = 0.100)
BETTER TREE FOUND at iteration 3: -6033.077
Iteration 10 / LogL: -6033.087 / Time: 0h:0m:36s
Iteration 20 / LogL: -6033.108 / Time: 0h:0m:37s
Finish initializing candidate tree set (3)
Current best tree score: -6033.077 / CPU time: 1.634
Number of iterations: 20
--------------------------------------------------------------------
|               OPTIMIZING CANDIDATE TREE SET                      |
--------------------------------------------------------------------
Iteration 30 / LogL: -6034.145 / Time: 0h:0m:38s (0h:0m:6s left)
Iteration 40 / LogL: -6035.822 / Time: 0h:0m:38s (0h:0m:5s left)
Iteration 50 / LogL: -6039.473 / Time: 0h:0m:39s (0h:0m:4s left)
Log-likelihood cutoff on original alignment: -6059.566
Iteration 60 / LogL: -6034.224 / Time: 0h:0m:40s (0h:0m:3s left)
Iteration 70 / LogL: -6054.098 / Time: 0h:0m:40s (0h:0m:2s left)
Iteration 80 / LogL: -6033.249 / Time: 0h:0m:41s (0h:0m:1s left)
Iteration 90 / LogL: -6037.027 / Time: 0h:0m:41s (0h:0m:0s left)
Iteration 100 / LogL: -6033.412 / Time: 0h:0m:42s (0h:0m:0s left)
Log-likelihood cutoff on original alignment: -6059.566
NOTE: Bootstrap correlation coefficient of split occurrence frequencies: 0.993
TREE SEARCH COMPLETED AFTER 104 ITERATIONS / Time: 0h:0m:42s

--------------------------------------------------------------------
|                    FINALIZING TREE SEARCH                        |
--------------------------------------------------------------------
Performs final model parameters optimization
Estimate model parameters (epsilon = 0.010)
1. Initial log-likelihood: -6033.077
Optimal log-likelihood: -6033.076
Rate parameters:  A-C: 1.00000  A-G: 12.08317  A-T: 1.00000  C-G: 1.00000  C-T: 12.08317  G-T: 1.00000
Base frequencies:  A: 0.310  C: 0.202  G: 0.232  T: 0.256
Gamma shape alpha: 0.137
Parameters optimization took 1 rounds (0.007 sec)
BEST SCORE FOUND : -6033.076
Creating bootstrap support values...
Split supports printed to NEXUS file results/trees/tree_nj.nwk.splits.nex
Total tree length: 11.069

Total number of iterations: 104
CPU time used for tree search: 14.113 sec (0h:0m:14s)
Wall-clock time used for tree search: 7.113 sec (0h:0m:7s)
Total CPU time used: 85.877 sec (0h:1m:25s)
Total wall-clock time used: 43.062 sec (0h:0m:43s)

Computing bootstrap consensus tree...
Reading input file results/trees/tree_nj.nwk.splits.nex...
19 taxa and 141 splits.
Consensus tree written to results/trees/tree_nj.nwk.contree
Reading input trees file results/trees/tree_nj.nwk.contree
Log-likelihood of consensus tree: -6033.093

Analysis results written to: 
  IQ-TREE report:                results/trees/tree_nj.nwk.iqtree
  Maximum-likelihood tree:       results/trees/tree_nj.nwk.treefile
  Likelihood distances:          results/trees/tree_nj.nwk.mldist

Ultrafast bootstrap approximation results written to:
  Split support values:          results/trees/tree_nj.nwk.splits.nex
  Consensus tree:                results/trees/tree_nj.nwk.contree
  Screen log file:               results/trees/tree_nj.nwk.log

Date and Time: Mon Jun 22 14:57:35 2026
